[13:03:58] [main/INFO]: Extra: [--tweakClass, baritone.launch.BaritoneTweaker]
[13:03:58] [main/INFO]: Running with arguments: [--userProperties, {}, --assetsDir, C:/Users/Ruine/.gradle/caches/minecraft/assets, --assetIndex, 1.12, --accessToken{REDACTED}, --version, 1.12.2, --tweakClass, baritone.launch.BaritoneTweaker]
[13:03:58] [main/INFO]: Loading tweak class name baritone.launch.BaritoneTweaker
[13:03:58] [main/ERROR]: Unable to launch
java.lang.ClassNotFoundException: baritone.launch.BaritoneTweaker
	at java.net.URLClassLoader.findClass(URLClassLoader.java:382) ~[?:1.8.0_261]
	at java.lang.ClassLoader.loadClass(ClassLoader.java:418) ~[?:1.8.0_261]
	at sun.misc.Launcher$AppClassLoader.loadClass(Launcher.java:355) ~[?:1.8.0_261]
	at java.lang.ClassLoader.loadClass(ClassLoader.java:351) ~[?:1.8.0_261]
	at net.minecraft.launchwrapper.LaunchClassLoader.findClass(LaunchClassLoader.java:106) ~[launchwrapper-1.11.jar:?]
	at java.lang.ClassLoader.loadClass(ClassLoader.java:418) ~[?:1.8.0_261]
	at java.lang.ClassLoader.loadClass(ClassLoader.java:351) ~[?:1.8.0_261]
	at java.lang.Class.forName0(Native Method) ~[?:1.8.0_261]
	at java.lang.Class.forName(Class.java:348) ~[?:1.8.0_261]
	at net.minecraft.launchwrapper.Launch.launch(Launch.java:98) [launchwrapper-1.11.jar:?]
	at net.minecraft.launchwrapper.Launch.main(Launch.java:28) [launchwrapper-1.11.jar:?]
	at sun.reflect.NativeMethodAccessorImpl.invoke0(Native Method) ~[?:1.8.0_261]
	at sun.reflect.NativeMethodAccessorImpl.invoke(NativeMethodAccessorImpl.java:62) ~[?:1.8.0_261]
	at sun.reflect.DelegatingMethodAccessorImpl.invoke(DelegatingMethodAccessorImpl.java:43) ~[?:1.8.0_261]
	at java.lang.reflect.Method.invoke(Method.java:498) ~[?:1.8.0_261]
	at net.minecraftforge.gradle.GradleStartCommon.launch(GradleStartCommon.java:97) [start/:?]
	at GradleStart.main(GradleStart.java:25) [start/:?]
